<?xml version="1.0" encoding="UTF-8"?>
<!-- Generated by org.testng.reporters.JUnitReportReporter -->
<testsuite skipped="0" hostname="aipl-lt-1187.local" name="wireMockDemo.wireMockDemo.favoritesearch" tests="1" failures="0" timestamp="2019-11-07T10:38:49 IST" time="1.273" errors="0">
  <testcase name="wiremock" time="1.273" classname="wireMockDemo.wireMockDemo.favoritesearch"/>
</testsuite> <!-- wireMockDemo.wireMockDemo.favoritesearch -->
